qp --> ng
qp --> pl
qp[%]
mq --> zz
mq[%]
lq --> zg
lq[%]
jc --> ch
jc --> lx
jc --> nv
jc --> ml
jc --> lq
jc --> bs
jc[&]
td --> fd
td --> jl
td[%]
xs --> td
xs --> fd
xs[%]
dg --> jc
dg --> rd
dg[%]
km --> rg
km --> hm
km[%]
zc --> gj
zc[%]
pz --> qh
pz --> fd
pz[%]
gj --> dl
gj[%]
zg --> jc
zg --> vn
zg[%]
rd --> jc
rd[%]
mm --> xx
mm --> hm
mm[%]
th --> cn
th[&]
gt --> dk
gt --> pl
gt[%]
hm --> kl
hm --> gh
hm --> tl
hm --> xx
hm --> zq
hm[&]
bs --> zv
bs[%]
cz --> qp
cz[%]
tl --> vg
tl[%]
hv --> xd
hv[%]
ml --> bs
ml --> jc
ml[%]
bc --> pl
bc[%]
xm --> jc
xm --> lx
xm[%]
vp --> fd
vp --> hv
vp[%]
roadcaster --> kl
roadcaster --> ml
roadcaster --> xs
roadcaster --> jn
roadcaster[b]
tx --> xt
tx --> hm
tx[%]
qf --> bf
qf --> hm
qf[%]
xt --> zq
xt --> hm
xt[%]
zv --> xm
zv --> jc
zv[%]
vg --> hm
vg --> mm
vg[%]
zz --> fd
zz --> pz
zz[%]
xd --> fd
xd --> lt
xd[%]
kl --> hm
kl --> tx
kl[%]
lx --> nv
lx[%]
pl --> cz
pl --> gj
pl --> sb
pl --> sv
pl --> jn
pl --> zc
pl --> dl
pl[&]
bj --> fd
bj[%]
bf --> hm
bf[%]
jn --> pl
jn --> sb
jn[%]
zm --> lq
zm --> jc
zm[%]
sv --> cn
sv[&]
lt --> mq
lt --> fd
lt[%]
xx --> km
xx[%]
rg --> hm
rg --> qf
rg[%]
sb --> zc
sb[%]
ng --> gt
ng --> pl
ng[%]
qh --> bj
qh --> fd
qh[%]
dl --> rj
dl[%]
dk --> pl
dk --> bc
dk[%]
vn --> jc
vn --> dg
vn[%]
gh --> cn
gh[&]
nv --> zm
nv[%]
fd --> jl
fd --> hv
fd --> xs
fd --> mq
fd --> th
fd[&]
ch --> cn
ch[&]
cn --> rx
cn[&]
zq --> tl
zq[%]
rj --> cz
rj --> pl
rj[%]
jl --> vp
jl[%]